2023-10-05 12:29:41,893 - data_loader - INFO - Loading dataset...
2023-10-05 12:29:41,893 - data_loader - INFO - Loading dataset...
2023-10-05 12:29:41,893 - data_loader - INFO - Loading dataset...
2023-10-05 12:29:41,893 - data_loader - INFO - Loading dataset...
2023-10-05 12:29:56,118 - main - INFO - Number of Columns in Selected Dataset: 10
2023-10-05 12:29:56,118 - main - INFO - Number of Columns in Selected Dataset: 10
2023-10-05 12:29:56,118 - main - INFO - Number of Columns in Selected Dataset: 10
2023-10-05 12:29:56,118 - main - INFO - Number of Columns in Selected Dataset: 10
2023-10-05 12:29:56,122 - main - INFO - Number of Rows in Selected Dataset: 6375
2023-10-05 12:29:56,122 - main - INFO - Number of Rows in Selected Dataset: 6375
2023-10-05 12:29:56,122 - main - INFO - Number of Rows in Selected Dataset: 6375
2023-10-05 12:29:56,122 - main - INFO - Number of Rows in Selected Dataset: 6375
2023-10-05 12:29:56,126 - main - INFO - formula='CFAPleasantness ~ LAeq + LA10_LA90 + LCeq_LAeq + RA + Sharpness + Roughness + Tonality + Age + Gender_male + Wellbeing'
2023-10-05 12:29:56,126 - main - INFO - formula='CFAPleasantness ~ LAeq + LA10_LA90 + LCeq_LAeq + RA + Sharpness + Roughness + Tonality + Age + Gender_male + Wellbeing'
2023-10-05 12:29:56,126 - main - INFO - formula='CFAPleasantness ~ LAeq + LA10_LA90 + LCeq_LAeq + RA + Sharpness + Roughness + Tonality + Age + Gender_male + Wellbeing'
2023-10-05 12:29:56,126 - main - INFO - formula='CFAPleasantness ~ LAeq + LA10_LA90 + LCeq_LAeq + RA + Sharpness + Roughness + Tonality + Age + Gender_male + Wellbeing'
2023-10-05 12:29:56,131 - main - INFO - Perform outer cross validation method: CustomStratifiedGroupKFold
2023-10-05 12:29:56,131 - main - INFO - Perform outer cross validation method: CustomStratifiedGroupKFold
2023-10-05 12:29:56,131 - main - INFO - Perform outer cross validation method: CustomStratifiedGroupKFold
2023-10-05 12:29:56,131 - main - INFO - Perform outer cross validation method: CustomStratifiedGroupKFold
2023-10-05 12:29:56,135 - main - INFO - Perform inner cross validation method: GroupKFold
2023-10-05 12:29:56,135 - main - INFO - Perform inner cross validation method: GroupKFold
2023-10-05 12:29:56,135 - main - INFO - Perform inner cross validation method: GroupKFold
2023-10-05 12:29:56,135 - main - INFO - Perform inner cross validation method: GroupKFold
2023-10-05 12:29:56,247 - cross_val - INFO - Evaluating LinearModel...
2023-10-05 12:29:56,247 - cross_val - INFO - Evaluating LinearModel...
2023-10-05 12:29:56,247 - cross_val - INFO - Evaluating LinearModel...
2023-10-05 12:29:56,247 - cross_val - INFO - Evaluating LinearModel...
2023-10-05 12:30:10,673 - cross_val - INFO - Evaluating RandomForest...
2023-10-05 12:30:10,673 - cross_val - INFO - Evaluating RandomForest...
2023-10-05 12:30:10,673 - cross_val - INFO - Evaluating RandomForest...
2023-10-05 12:30:10,673 - cross_val - INFO - Evaluating RandomForest...
2023-10-05 12:31:51,649 - cross_val - INFO - Evaluating LinearModel...
2023-10-05 12:31:51,649 - cross_val - INFO - Evaluating LinearModel...
2023-10-05 12:31:51,649 - cross_val - INFO - Evaluating LinearModel...
2023-10-05 12:31:51,649 - cross_val - INFO - Evaluating LinearModel...
2023-10-05 12:32:04,739 - cross_val - INFO - Evaluating RandomForest...
2023-10-05 12:32:04,739 - cross_val - INFO - Evaluating RandomForest...
2023-10-05 12:32:04,739 - cross_val - INFO - Evaluating RandomForest...
2023-10-05 12:32:04,739 - cross_val - INFO - Evaluating RandomForest...
2023-10-05 12:33:52,208 - cross_val - INFO - Evaluating LinearModel...
2023-10-05 12:33:52,208 - cross_val - INFO - Evaluating LinearModel...
2023-10-05 12:33:52,208 - cross_val - INFO - Evaluating LinearModel...
2023-10-05 12:33:52,208 - cross_val - INFO - Evaluating LinearModel...
2023-10-05 12:34:06,219 - cross_val - INFO - Evaluating RandomForest...
2023-10-05 12:34:06,219 - cross_val - INFO - Evaluating RandomForest...
2023-10-05 12:34:06,219 - cross_val - INFO - Evaluating RandomForest...
2023-10-05 12:34:06,219 - cross_val - INFO - Evaluating RandomForest...
2023-10-05 12:35:47,685 - cross_val - INFO - Evaluating LinearModel...
2023-10-05 12:35:47,685 - cross_val - INFO - Evaluating LinearModel...
2023-10-05 12:35:47,685 - cross_val - INFO - Evaluating LinearModel...
2023-10-05 12:35:47,685 - cross_val - INFO - Evaluating LinearModel...
2023-10-05 12:36:01,888 - cross_val - INFO - Evaluating RandomForest...
2023-10-05 12:36:01,888 - cross_val - INFO - Evaluating RandomForest...
2023-10-05 12:36:01,888 - cross_val - INFO - Evaluating RandomForest...
2023-10-05 12:36:01,888 - cross_val - INFO - Evaluating RandomForest...
2023-10-05 12:37:44,050 - embedded - INFO - Embedded R ended.
2023-10-05 12:37:44,050 - embedded - INFO - Embedded R ended.
2023-10-05 12:37:44,050 - embedded - INFO - Embedded R ended.
2023-10-05 12:37:44,050 - embedded - INFO - Embedded R ended.
2023-10-05 12:37:44,050 - embedded - INFO - Embedded R already ended.
2023-10-05 12:37:44,050 - embedded - INFO - Embedded R already ended.
2023-10-05 12:37:44,050 - embedded - INFO - Embedded R already ended.
2023-10-05 12:37:44,050 - embedded - INFO - Embedded R already ended.
